epoch,accuracy,auc,fn,fp,loss,prc,precision,recall,tn,tp,val_accuracy,val_auc,val_fn,val_fp,val_loss,val_prc,val_precision,val_recall,val_tn,val_tp
0,0.7313796877861023,0.7991964817047119,30410.0,79965.0,0.6261410117149353,0.63399338722229,0.5109593272209167,0.7331496477127075,216972.0,83549.0,0.7486639022827148,0.8434237837791443,2512.0,8963.0,0.5380598306655884,0.6879285573959351,0.5286104679107666,0.800047755241394,24130.0,10051.0
1,0.8009107112884521,0.8579405546188354,29125.0,52680.0,0.4696260690689087,0.7336193323135376,0.6169117093086243,0.7444256544113159,244257.0,84834.0,0.8414666056632996,0.8715168237686157,4543.0,2695.0,0.3820449709892273,0.7691087126731873,0.748483419418335,0.6383825540542603,30398.0,8020.0
2,0.814422607421875,0.8785513043403625,26321.0,49932.0,0.4362168610095978,0.7796268463134766,0.6370429396629333,0.7690309882164001,247005.0,87638.0,0.8412256836891174,0.8887929320335388,3273.0,3976.0,0.3830777704715729,0.799781322479248,0.7002864480018616,0.7394730448722839,29117.0,9290.0
3,0.8225463628768921,0.8878480195999146,24808.0,48107.0,0.41945603489875793,0.7989665865898132,0.6495140790939331,0.7823076844215393,248830.0,89151.0,0.7911337018013,0.889815092086792,2070.0,7466.0,0.4630199372768402,0.7968400716781616,0.5842753052711487,0.8352304100990295,25627.0,10493.0
4,0.8263185620307922,0.8917110562324524,24274.0,47091.0,0.4120721220970154,0.8067143559455872,0.6557071208953857,0.7869935631752014,249846.0,89685.0,0.8223234415054321,0.8956441283226013,2477.0,5635.0,0.4100273549556732,0.8132421970367432,0.6415622234344482,0.8028337359428406,27458.0,10086.0
5,0.8290735483169556,0.894363522529602,24106.0,46127.0,0.4070494771003723,0.8119529485702515,0.6607810258865356,0.7884677648544312,250810.0,89853.0,0.8421018123626709,0.8968115448951721,2945.0,4264.0,0.3759462833404541,0.8161789178848267,0.6928396224975586,0.765581488609314,28829.0,9618.0
6,0.8290905952453613,0.8945566415786743,24100.0,46126.0,0.40658673644065857,0.8127866983413696,0.6608008146286011,0.7885204553604126,250811.0,89859.0,0.8303399085998535,0.8969631791114807,2614.0,5132.0,0.39661285281181335,0.8171606063842773,0.6597042679786682,0.7919287085533142,27961.0,9949.0
7,0.8313928842544556,0.8961111903190613,23877.0,45403.0,0.403600811958313,0.8148267865180969,0.664885401725769,0.7904772758483887,251534.0,90082.0,0.8280839323997498,0.8938735127449036,2682.0,5167.0,0.39914849400520325,0.8102144002914429,0.656632125377655,0.7865159511566162,27926.0,9881.0
8,0.8323225378990173,0.8973230123519897,23908.0,44990.0,0.40112337470054626,0.8175313472747803,0.6668419241905212,0.7902052402496338,251947.0,90051.0,0.8480812907218933,0.8961947560310364,3157.0,3779.0,0.3665027916431427,0.8136463165283203,0.7133864164352417,0.7487065196037292,29314.0,9406.0
9,0.8339482545852661,0.8988862037658691,23712.0,44518.0,0.39830824732780457,0.8195023536682129,0.6696619987487793,0.7919251918792725,252419.0,90247.0,0.8266821503639221,0.8967816829681396,2511.0,5402.0,0.40901827812194824,0.8133509159088135,0.6504464745521545,0.800127387046814,27691.0,10052.0
10,0.833992063999176,0.8992230892181396,23768.0,44444.0,0.39769524335861206,0.8210479021072388,0.6698926687240601,0.7914337515830994,252493.0,90191.0,0.8465918898582458,0.9004936218261719,2898.0,4106.0,0.37122130393981934,0.8228635787963867,0.7018371820449829,0.7693226337432861,28987.0,9665.0
11,0.8345323204994202,0.8999040722846985,23700.0,44290.0,0.39635393023490906,0.8221958875656128,0.670826256275177,0.7920304536819458,252647.0,90259.0,0.8004205226898193,0.8951619863510132,2082.0,7030.0,0.4484248161315918,0.8140745162963867,0.5985380411148071,0.8342752456665039,26063.0,10481.0
12,0.8354498744010925,0.9009968042373657,23637.0,43976.0,0.3943512737751007,0.823505699634552,0.6725491285324097,0.7925832867622375,252961.0,90322.0,0.8026984333992004,0.897339403629303,2067.0,6941.0,0.4475046694278717,0.8151692152023315,0.6019384264945984,0.8354692459106445,26152.0,10496.0
13,0.8361191153526306,0.9017007946968079,23501.0,43837.0,0.3930675983428955,0.8243703842163086,0.673576831817627,0.7937766909599304,253100.0,90458.0,0.826156497001648,0.9005522727966309,2413.0,5524.0,0.4050385653972626,0.8213486671447754,0.6475692391395569,0.8079280257225037,27569.0,10150.0
14,0.8367300033569336,0.9023818373680115,23470.0,43617.0,0.3916534185409546,0.8258862495422363,0.6747573018074036,0.7940487265586853,253320.0,90489.0,0.8432626724243164,0.9025352001190186,2774.0,4382.0,0.37398627400398254,0.825447678565979,0.6907769441604614,0.7791928648948669,28711.0,9789.0
15,0.8376815319061279,0.9031023383140564,23250.0,43446.0,0.3903086185455322,0.8267734050750732,0.6761507391929626,0.7959792613983154,253491.0,90709.0,0.8458253145217896,0.9034655690193176,2815.0,4224.0,0.3676769435405731,0.8277667760848999,0.6976810693740845,0.77592933177948,28869.0,9748.0
16,0.8388643264770508,0.9041008353233337,23094.0,43116.0,0.3884948194026947,0.8281430006027222,0.6781931519508362,0.797348141670227,253821.0,90865.0,0.8473585247993469,0.9043110013008118,2781.0,4188.0,0.3676605820655823,0.8286144733428955,0.7002147436141968,0.7786356806755066,28905.0,9782.0
17,0.8381853103637695,0.904175877571106,23200.0,43289.0,0.38830211758613586,0.8282833099365234,0.6770634651184082,0.7964180111885071,253648.0,90759.0,0.8458471894264221,0.9025858640670776,2819.0,4219.0,0.36926203966140747,0.8256803750991821,0.6978443264961243,0.7756109237670898,28874.0,9744.0
18,0.8392512798309326,0.9048299193382263,23132.0,42919.0,0.38703858852386475,0.8291372060775757,0.6791006922721863,0.7970147132873535,254018.0,90827.0,0.8415761590003967,0.9030856490135193,2686.0,4547.0,0.37358739972114563,0.8277003765106201,0.6847615242004395,0.7861975431442261,28546.0,9877.0
19,0.8391977548599243,0.9052736759185791,23019.0,43054.0,0.3862195611000061,0.8300076723098755,0.6786870956420898,0.7980062961578369,253883.0,90940.0,0.8447520732879639,0.9035587310791016,2747.0,4341.0,0.3726605474948883,0.8271188139915466,0.6933672428131104,0.7813420295715332,28752.0,9816.0
20,0.8403123617172241,0.9060829877853394,22958.0,42657.0,0.38464999198913574,0.8310532569885254,0.6808496117591858,0.7985416054725647,254280.0,91001.0,0.8546083569526672,0.9053352475166321,3015.0,3623.0,0.35232290625572205,0.8309805393218994,0.7249259948730469,0.7600095272064209,29470.0,9548.0
21,0.8413467407226562,0.9070298075675964,22767.0,42423.0,0.38279345631599426,0.8327206373214722,0.6824982166290283,0.8002176284790039,254514.0,91192.0,0.8547617197036743,0.9016537070274353,3228.0,3403.0,0.3516112267971039,0.8240896463394165,0.7328466176986694,0.743054986000061,29690.0,9335.0
22,0.841692328453064,0.907315194606781,22781.0,42267.0,0.38222411274909973,0.8333817720413208,0.6832627654075623,0.8000947833061218,254670.0,91178.0,0.833253026008606,0.9068016409873962,2314.0,5299.0,0.3921032249927521,0.8324978351593018,0.659184455871582,0.8158083558082581,27794.0,10249.0
23,0.8423080444335938,0.9077782034873962,22737.0,42058.0,0.3812030553817749,0.8343940377235413,0.6844387650489807,0.8004809021949768,254879.0,91222.0,0.8500963449478149,0.9066946506500244,2759.0,4085.0,0.35947147011756897,0.8328229188919067,0.7058823704719543,0.7803868651390076,29008.0,9804.0
24,0.8426828384399414,0.908214271068573,22737.0,41904.0,0.3804156482219696,0.8349123597145081,0.685230553150177,0.8004809021949768,255033.0,91222.0,0.8527247309684753,0.906898558139801,2823.0,3901.0,0.3550649583339691,0.8327000737190247,0.7140238881111145,0.7752925157546997,29192.0,9740.0
25,0.8428531885147095,0.9083729982376099,22648.0,41923.0,0.3799644112586975,0.8352260589599609,0.6853430867195129,0.801261842250824,255014.0,91311.0,0.8621429800987244,0.904498815536499,3514.0,2780.0,0.33777275681495667,0.8297377824783325,0.7649843692779541,0.7202897667884827,30313.0,9049.0
26,0.8434348106384277,0.9086179137229919,22647.0,41685.0,0.3796374201774597,0.8359159827232361,0.6865718960762024,0.801270604133606,255252.0,91312.0,0.8597774505615234,0.9066864252090454,3149.0,3253.0,0.3450779616832733,0.8332270383834839,0.7431909441947937,0.7493433356285095,29840.0,9414.0
27,0.8442403674125671,0.9091207385063171,22597.0,41404.0,0.37867429852485657,0.8374853134155273,0.6881430745124817,0.8017094135284424,255533.0,91362.0,0.8283686637878418,0.9069175720214844,2233.0,5603.0,0.39831000566482544,0.8347264528274536,0.6483399271965027,0.8222558498382568,27490.0,10330.0
28,0.8441527485847473,0.9091505408287048,22690.0,41347.0,0.37844422459602356,0.8376349806785583,0.6882201433181763,0.8008933067321777,255590.0,91269.0,0.8335815668106079,0.9055944681167603,2323.0,5275.0,0.3946666121482849,0.8328431844711304,0.6600064635276794,0.8150919079780579,27818.0,10240.0
29,0.8451116681098938,0.9096980690956116,22386.0,41257.0,0.37734368443489075,0.8384783864021301,0.6893999576568604,0.8035609126091003,255680.0,91573.0,0.8120290637016296,0.9064867496490479,1953.0,6629.0,0.4262751638889313,0.8336371183395386,0.6154649257659912,0.8445435166358948,26464.0,10610.0
30,0.8446030020713806,0.9097917079925537,22500.0,41352.0,0.3772089183330536,0.8386358022689819,0.6886402368545532,0.802560567855835,255585.0,91459.0,0.856119692325592,0.9075809121131897,2936.0,3633.0,0.3485494554042816,0.8343168497085571,0.7260180711746216,0.7662978768348694,29460.0,9627.0
31,0.8451895117759705,0.910045325756073,22431.0,41180.0,0.3765881359577179,0.838931679725647,0.6896946430206299,0.8031660318374634,255757.0,91528.0,0.8230900764465332,0.90670245885849,2118.0,5959.0,0.4079682528972626,0.8346997499465942,0.6367349624633789,0.8314096927642822,27134.0,10445.0
32,0.8454548120498657,0.9104223847389221,22460.0,41042.0,0.37596455216407776,0.8394876718521118,0.6903448700904846,0.8029115796089172,255895.0,91499.0,0.8514105677604675,0.9068341851234436,2807.0,3977.0,0.3572852611541748,0.8335932493209839,0.7104055881500244,0.7765660881996155,29116.0,9756.0
33,0.8456763029098511,0.9104898571968079,22420.0,40991.0,0.3758019208908081,0.839531421661377,0.6907039880752563,0.8032625913619995,255946.0,91539.0,0.8463729023933411,0.908538281917572,2543.0,4471.0,0.3664757311344147,0.8362393379211426,0.6914636492729187,0.7975801825523376,28622.0,10020.0
34,0.8460705280303955,0.9105956554412842,22405.0,40844.0,0.37551355361938477,0.8401662111282349,0.6915059089660645,0.8033941984176636,256093.0,91554.0,0.844708263874054,0.9089941382408142,2502.0,4588.0,0.3720202147960663,0.8375043272972107,0.6868045330047607,0.8008437752723694,28505.0,10061.0
35,0.8459658622741699,0.9107049107551575,22460.0,40832.0,0.3754116892814636,0.8398891091346741,0.6914404034614563,0.8029115796089172,256105.0,91499.0,0.8168915510177612,0.9077765941619873,2008.0,6352.0,0.41879987716674805,0.8364222645759583,0.6242976188659668,0.8401655554771423,26741.0,10555.0
36,0.8464988470077515,0.9109876751899719,22417.0,40656.0,0.3747875690460205,0.840442955493927,0.6924613118171692,0.8032888770103455,256281.0,91542.0,0.8332310914993286,0.908523440361023,2296.0,5318.0,0.3895415663719177,0.8354861736297607,0.6587744355201721,0.8172411322593689,27775.0,10267.0
37,0.8465767502784729,0.9111983180046082,22329.0,40712.0,0.3743104636669159,0.8408731818199158,0.6923727989196777,0.8040611147880554,256225.0,91630.0,0.8419265747070312,0.9083778858184814,2410.0,4807.0,0.3767067492008209,0.8370171189308167,0.6786764860153198,0.8081668615341187,28286.0,10153.0
38,0.8464672565460205,0.9115512371063232,22480.0,40606.0,0.3736802339553833,0.8414103984832764,0.6925767660140991,0.8027360439300537,256331.0,91479.0,0.8471176028251648,0.9090946316719055,2593.0,4387.0,0.36710116267204285,0.8384875655174255,0.6944347620010376,0.7936002612113953,28706.0,9970.0
39,0.8471559882164001,0.9115048050880432,22382.0,40421.0,0.37368321418762207,0.8411155939102173,0.6937756538391113,0.803596019744873,256516.0,91577.0,0.8283905982971191,0.9086372256278992,2152.0,5683.0,0.39848271012306213,0.8376155495643616,0.6468870639801025,0.8287033438682556,27410.0,10411.0
40,0.8462652564048767,0.911253035068512,22377.0,40792.0,0.37422338128089905,0.8409508466720581,0.691842794418335,0.8036398887634277,256145.0,91582.0,0.8566891551017761,0.9091843366622925,2840.0,3703.0,0.3507664203643799,0.8370259404182434,0.7241918444633484,0.7739393711090088,29390.0,9723.0
41,0.8473384976387024,0.9118300080299377,22345.0,40383.0,0.3730488419532776,0.8415856957435608,0.6940612196922302,0.8039206862449646,256554.0,91614.0,0.8537103533744812,0.9089103937149048,2783.0,3896.0,0.3526875376701355,0.8378164768218994,0.7151213884353638,0.7784764766693115,29197.0,9780.0
42,0.8477157354354858,0.9119967818260193,22317.0,40256.0,0.37264546751976013,0.8422978520393372,0.6947944760322571,0.8041664361953735,256681.0,91642.0,0.8509944081306458,0.90940260887146,2654.0,4149.0,0.3608004152774811,0.8381602168083191,0.704865574836731,0.7887447476387024,28944.0,9909.0
43,0.8470780849456787,0.9117522239685059,22319.0,40516.0,0.37319567799568176,0.8416429758071899,0.6934229135513306,0.8041488528251648,256421.0,91640.0,0.8341291546821594,0.9088481068611145,2244.0,5329.0,0.3926398456096649,0.8354218602180481,0.6594452857971191,0.8213802576065063,27764.0,10319.0
44,0.8475843071937561,0.9121374487876892,22429.0,40198.0,0.3725106716156006,0.8419986367225647,0.6948409080505371,0.8031836152076721,256739.0,91530.0,0.8520019054412842,0.9086111783981323,2740.0,4017.0,0.3586544096469879,0.835748553276062,0.7097543478012085,0.7818992137908936,29076.0,9823.0
45,0.8477717041969299,0.9122641682624817,22252.0,40298.0,0.3720632791519165,0.8426030278205872,0.6947236657142639,0.8047367930412292,256639.0,91707.0,0.848541259765625,0.9090151786804199,2603.0,4312.0,0.36666080355644226,0.8385422825813293,0.6978699564933777,0.7928042411804199,28781.0,9960.0
46,0.8480710387229919,0.9122755527496338,22304.0,40123.0,0.3721987009048462,0.8425161838531494,0.6955258250236511,0.8042804598808289,256814.0,91655.0,0.8407219052314758,0.9072586894035339,2476.0,4796.0,0.3791702687740326,0.834933876991272,0.6777531504631042,0.8029133081436157,28297.0,10087.0
47,0.8480783700942993,0.9124577045440674,22304.0,40120.0,0.37181541323661804,0.8430584073066711,0.6955416202545166,0.8042804598808289,256817.0,91655.0,0.8637856841087341,0.9089534878730774,3261.0,2958.0,0.333329975605011,0.8376407623291016,0.7587275505065918,0.7404282689094543,30135.0,9302.0
48,0.8479152917861938,0.9125092625617981,22250.0,40241.0,0.3715755045413971,0.8429409265518188,0.6950284242630005,0.8047543168067932,256696.0,91709.0,0.8293980956077576,0.9081060886383057,2164.0,5625.0,0.40077459812164307,0.8369592428207397,0.6489640474319458,0.8277481198310852,27468.0,10399.0
49,0.8482584357261658,0.912929892539978,22195.0,40155.0,0.37089818716049194,0.8433082103729248,0.6956086754798889,0.8052369952201843,256782.0,91764.0,0.8442482948303223,0.9075996279716492,2515.0,4596.0,0.3719952702522278,0.8356845378875732,0.6861513257026672,0.7998089790344238,28497.0,10048.0
50,0.8482730388641357,0.912860631942749,22277.0,40067.0,0.37083306908607483,0.8437085151672363,0.6958838105201721,0.804517388343811,256870.0,91682.0,0.8543455600738525,0.9103971719741821,2715.0,3935.0,0.3546364903450012,0.840133011341095,0.7145033478736877,0.7838891744613647,29158.0,9848.0
51,0.8490152955055237,0.9128849506378174,22270.0,39769.0,0.3708401918411255,0.8437132835388184,0.6974775195121765,0.8045788407325745,257168.0,91689.0,0.840919017791748,0.9102675318717957,2330.0,4933.0,0.3794456124305725,0.8390703797340393,0.6747329831123352,0.8145347237586975,28160.0,10233.0
52,0.8481854200363159,0.912839949131012,22236.0,40144.0,0.3710264563560486,0.8433597087860107,0.6955720782279968,0.8048772215843201,256793.0,91723.0,0.8345453143119812,0.9097703695297241,2254.0,5300.0,0.38812562823295593,0.8384429812431335,0.6604523062705994,0.820584237575531,27793.0,10309.0
53,0.8474041819572449,0.9121922850608826,22307.0,40394.0,0.3723759651184082,0.8423985242843628,0.6940914392471313,0.8042541742324829,256543.0,91652.0,0.8498335480690002,0.908769965171814,2667.0,4189.0,0.3611944317817688,0.8382421731948853,0.7025914192199707,0.7877099514007568,28904.0,9896.0
54,0.8484604358673096,0.9129481315612793,22135.0,40132.0,0.3708151578903198,0.8434634208679199,0.6958683133125305,0.8057634830474854,256805.0,91824.0,0.8356404304504395,0.9097837209701538,2256.0,5248.0,0.38842883706092834,0.8397225141525269,0.6626165509223938,0.8204250335693359,27845.0,10307.0
55,0.8482730388641357,0.913155198097229,22104.0,40240.0,0.3703112006187439,0.843897819519043,0.6953707337379456,0.8060355186462402,256697.0,91855.0,0.8568862676620483,0.9104659557342529,2840.0,3694.0,0.3480309844017029,0.8403410315513611,0.7246776223182678,0.7739393711090088,29399.0,9723.0
56,0.848723292350769,0.9131832122802734,22146.0,40013.0,0.37025487422943115,0.8438493013381958,0.696471095085144,0.8056669235229492,256924.0,91813.0,0.8471176028251648,0.9103842377662659,2474.0,4506.0,0.3683864176273346,0.8396812081336975,0.6912641525268555,0.8030725121498108,28587.0,10089.0
57,0.8490688800811768,0.9132800698280334,22131.0,39886.0,0.37001490592956543,0.8441406488418579,0.6971772313117981,0.8057985901832581,257051.0,91828.0,0.8384439945220947,0.9104958772659302,2293.0,5083.0,0.38211897015571594,0.8388999700546265,0.6689246296882629,0.8174799084663391,28010.0,10270.0
58,0.8485602140426636,0.9133524298667908,22228.0,39998.0,0.3699353039264679,0.8442627787590027,0.6963614821434021,0.8049473762512207,256939.0,91731.0,0.8565139174461365,0.9092669486999512,2836.0,3715.0,0.34986481070518494,0.8381053805351257,0.7236274480819702,0.7742577195167542,29378.0,9727.0
59,0.8483923077583313,0.9135834574699402,22091.0,40204.0,0.3694761097431183,0.8446815013885498,0.6955902576446533,0.8061496019363403,256733.0,91868.0,0.8277115821838379,0.90973961353302,2128.0,5738.0,0.3991129398345947,0.837146520614624,0.6452111601829529,0.8306137323379517,27355.0,10435.0
60,0.8490104675292969,0.9137388467788696,22144.0,39897.0,0.36917823553085327,0.8451058864593506,0.6970890760421753,0.805684506893158,257040.0,91815.0,0.84560626745224,0.9100553393363953,2489.0,4560.0,0.3701903820037842,0.8391551375389099,0.6883968710899353,0.8018785119056702,28533.0,10074.0
61,0.849137008190155,0.9140291213989258,22014.0,39975.0,0.3685815632343292,0.8452663421630859,0.6969754099845886,0.8068252801895142,256962.0,91945.0,0.8464604616165161,0.9099596738815308,2547.0,4463.0,0.36554738879203796,0.8401354551315308,0.6917604804039001,0.7972617745399475,28630.0,10016.0
62,0.8491442799568176,0.9139102101325989,22019.0,39967.0,0.3687874376773834,0.8454190492630005,0.6970062255859375,0.8067814111709595,256970.0,91940.0,0.8584632873535156,0.9105731844902039,2949.0,3513.0,0.3421444892883301,0.8400558233261108,0.7323836088180542,0.7652630805969238,29580.0,9614.0
63,0.8481805324554443,0.9136852025985718,22140.0,40242.0,0.3693307638168335,0.8446430563926697,0.6952771544456482,0.8057196140289307,256695.0,91819.0,0.8419485092163086,0.9105632901191711,2349.0,4867.0,0.37752842903137207,0.8394966125488281,0.6772760152816772,0.8130223751068115,28226.0,10214.0
64,0.8489131331443787,0.913872480392456,22024.0,40057.0,0.3688705563545227,0.8451417088508606,0.6965194940567017,0.80673748254776,256880.0,91935.0,0.8495706915855408,0.9105414748191833,2548.0,4320.0,0.3640233874320984,0.839061975479126,0.6986396908760071,0.7971822023391724,28773.0,10015.0
65,0.8494144678115845,0.914289116859436,22003.0,39872.0,0.36805322766304016,0.8456565141677856,0.6975452899932861,0.8069217801094055,257065.0,91956.0,0.862318217754364,0.9107792377471924,3039.0,3247.0,0.3363197147846222,0.8405040502548218,0.7457520961761475,0.7580991983413696,29846.0,9524.0
66,0.849280595779419,0.9144736528396606,22048.0,39882.0,0.3677103519439697,0.8460449576377869,0.6973890662193298,0.8065268993377686,257055.0,91911.0,0.8196074962615967,0.9096254706382751,1969.0,6267.0,0.41549238562583923,0.836933970451355,0.6283138394355774,0.843269944190979,26826.0,10594.0
67,0.8492392301559448,0.9138763546943665,21983.0,39964.0,0.3688284754753113,0.8454145193099976,0.6971047520637512,0.807097315788269,256973.0,91976.0,0.7892719507217407,0.9062177538871765,1651.0,7970.0,0.4700690805912018,0.8299722075462341,0.5779048800468445,0.8685823678970337,25123.0,10912.0
68,0.8492100238800049,0.9141693115234375,22111.0,39848.0,0.36831051111221313,0.8455491065979004,0.6974243521690369,0.8059740662574768,257089.0,91848.0,0.8454967737197876,0.9104163646697998,2446.0,4608.0,0.3668852746486664,0.8401929140090942,0.6870627999305725,0.805301308631897,28485.0,10117.0
69,0.8497697710990906,0.9145891070365906,22035.0,39694.0,0.3674870431423187,0.8460560441017151,0.6984151005744934,0.8066409826278687,257243.0,91924.0,0.8501620888710022,0.9112052917480469,2587.0,4254.0,0.35735365748405457,0.8411308526992798,0.7010540962219238,0.7940778732299805,28839.0,9976.0
70,0.8493754863739014,0.9145240187644958,22007.0,39884.0,0.367531418800354,0.8462930917739868,0.6974726319313049,0.8068866729736328,257053.0,91952.0,0.8333187103271484,0.9110426306724548,2097.0,5513.0,0.3942161798477173,0.8396826982498169,0.6549846529960632,0.8330812454223633,27580.0,10466.0
71,0.849436342716217,0.9144877791404724,21889.0,39977.0,0.36753377318382263,0.8462597727775574,0.6972517371177673,0.8079221248626709,256960.0,92070.0,0.8527904152870178,0.9083493947982788,2772.0,3949.0,0.35625311732292175,0.8366626501083374,0.7125909924507141,0.779352068901062,29144.0,9791.0
72,0.8499742150306702,0.9146780967712402,21961.0,39684.0,0.36719629168510437,0.8463959693908691,0.6986376047134399,0.8072903156280518,257253.0,91998.0,0.8345453143119812,0.9117615222930908,2173.0,5381.0,0.38836464285850525,0.8416299819946289,0.6588041186332703,0.8270317316055298,27712.0,10390.0
73,0.849864661693573,0.9146142601966858,21962.0,39728.0,0.3673499524593353,0.8462842702865601,0.6984019875526428,0.8072815537452698,257209.0,91997.0,0.8511039018630981,0.9111503958702087,2629.0,4169.0,0.35710370540618896,0.8410450220108032,0.7043891549110413,0.7907347083091736,28924.0,9934.0
74,0.8498111367225647,0.9149267077445984,21934.0,39778.0,0.3667052388191223,0.8468946218490601,0.6982011198997498,0.8075272440910339,257159.0,92025.0,0.8460662364959717,0.9117375612258911,2458.0,4570.0,0.3669818639755249,0.8426694273948669,0.6885860562324524,0.8043460845947266,28523.0,10105.0
75,0.8496018648147583,0.9148769378662109,21929.0,39869.0,0.3667648732662201,0.8470427393913269,0.6977308392524719,0.8075711727142334,257068.0,92030.0,0.8326616287231445,0.9106932282447815,2213.0,5427.0,0.38806527853012085,0.8384867906570435,0.6560182571411133,0.8238478302955627,27666.0,10350.0
76,0.8478665947914124,0.9136464595794678,21956.0,40555.0,0.36944517493247986,0.8443930149078369,0.6940584778785706,0.8073342442512512,256382.0,92003.0,0.8369765281677246,0.9092274904251099,2300.0,5143.0,0.383775919675827,0.836425244808197,0.6661690473556519,0.8169227242469788,27950.0,10263.0
77,0.8492416739463806,0.9146627187728882,21883.0,40063.0,0.36725667119026184,0.8464503884315491,0.6968116760253906,0.8079748153686523,256874.0,92076.0,0.8586603999137878,0.9117310047149658,2821.0,3632.0,0.34304457902908325,0.841477632522583,0.728428304195404,0.7754517197608948,29461.0,9742.0
78,0.8494095802307129,0.9146446585655212,21920.0,39957.0,0.36734071373939514,0.8464841842651367,0.6972863078117371,0.8076501488685608,256980.0,92039.0,0.8477527499198914,0.9115144610404968,2485.0,4466.0,0.36529284715652466,0.8427178859710693,0.6929317712783813,0.8021969199180603,28627.0,10078.0
79,0.8502175807952881,0.9151595830917358,21887.0,39658.0,0.36622345447540283,0.8472697138786316,0.6989448070526123,0.8079397082328796,257279.0,92072.0,0.8218854069709778,0.9099121689796448,2027.0,6105.0,0.40888816118240356,0.8386352062225342,0.6331350207328796,0.8386532068252563,26988.0,10536.0
80,0.8501421213150024,0.9150680303573608,21938.0,39638.0,0.3664984107017517,0.8467831611633301,0.6989343762397766,0.807492196559906,257299.0,92021.0,0.850862979888916,0.9109047651290894,2619.0,4190.0,0.3578684329986572,0.840699315071106,0.703551709651947,0.7915306687355042,28903.0,9944.0
81,0.849351167678833,0.9145052433013916,21946.0,39955.0,0.3676161468029022,0.8464853763580322,0.6972371935844421,0.8074219822883606,256982.0,92013.0,0.8217759132385254,0.9113537669181824,1973.0,6164.0,0.41247060894966125,0.8402320146560669,0.6320878863334656,0.8429515361785889,26929.0,10590.0
82,0.849436342716217,0.9151273965835571,21905.0,39961.0,0.3663467764854431,0.8468955755233765,0.6972995400428772,0.8077817559242249,256976.0,92054.0,0.859996497631073,0.9113591313362122,2982.0,3410.0,0.33902719616889954,0.8420066833496094,0.7375105619430542,0.7626363039016724,29683.0,9581.0
83,0.8503854870796204,0.9152215123176575,21947.0,39529.0,0.36617329716682434,0.8471789956092834,0.6994929313659668,0.8074132204055786,257408.0,92012.0,0.8378526568412781,0.9074743390083313,2392.0,5011.0,0.38401415944099426,0.8354505896568298,0.6699380874633789,0.8095996379852295,28082.0,10171.0
84,0.8504195809364319,0.9156793355941772,21859.0,39603.0,0.36531907320022583,0.8477022647857666,0.6993007063865662,0.8081853985786438,257334.0,92100.0,0.8415104150772095,0.9108961224555969,2284.0,4952.0,0.3756224513053894,0.8405847549438477,0.6748735904693604,0.8181962966918945,28141.0,10279.0
85,0.8498452305793762,0.9152829647064209,21946.0,39752.0,0.36601102352142334,0.8472792506217957,0.6983113884925842,0.8074219822883606,257185.0,92013.0,0.856119692325592,0.9115538597106934,2759.0,3810.0,0.3462601602077484,0.842540979385376,0.7201410531997681,0.7803868651390076,29283.0,9804.0
86,0.8497064709663391,0.9150500893592834,22001.0,39754.0,0.3663911819458008,0.8470247387886047,0.6981748342514038,0.8069393634796143,257183.0,91958.0,0.8508191704750061,0.9110433459281921,2607.0,4204.0,0.35879644751548767,0.8412707448005676,0.7031073570251465,0.7924858927726746,28889.0,9956.0
87,0.849750280380249,0.9153309464454651,21831.0,39906.0,0.3659397065639496,0.8475880026817322,0.6977596879005432,0.808431088924408,257031.0,92128.0,0.8438759446144104,0.9093890190124512,2492.0,4636.0,0.3719826638698578,0.8379764556884766,0.6847759485244751,0.8016397356987,28457.0,10071.0
88,0.8502175807952881,0.9151661992073059,21937.0,39608.0,0.3663468062877655,0.8470975756645203,0.6990959644317627,0.807500958442688,257329.0,92022.0,0.858485221862793,0.9032251238822937,3318.0,3143.0,0.3440762162208557,0.8312700986862183,0.7462867498397827,0.7358911037445068,29950.0,9245.0
89,0.848767101764679,0.9146790504455566,21668.0,40473.0,0.36732402443885803,0.8467484712600708,0.6951507925987244,0.809861421585083,256464.0,92291.0,0.8414666056632996,0.9099766612052917,2373.0,4865.0,0.37407365441322327,0.840105414390564,0.6768515706062317,0.8111119866371155,28228.0,10190.0
90,0.8503392338752747,0.915580689907074,21758.0,39737.0,0.36543360352516174,0.8479056358337402,0.6988206505775452,0.8090716600418091,257200.0,92201.0,0.8424084186553955,0.910973310470581,2368.0,4827.0,0.37277457118034363,0.8414753079414368,0.6786713004112244,0.8115099668502808,28266.0,10195.0
91,0.8504560589790344,0.9155170321464539,21803.0,39644.0,0.365462988615036,0.8480015397071838,0.6992109417915344,0.8086767792701721,257293.0,92156.0,0.85147625207901,0.912274956703186,2575.0,4206.0,0.3574587106704712,0.8438878059387207,0.7036775946617126,0.7950330376625061,28887.0,9988.0
92,0.8507481217384338,0.9158582091331482,21826.0,39501.0,0.36473265290260315,0.8482639789581299,0.6999179720878601,0.8084749579429626,257436.0,92133.0,0.8444454073905945,0.9115399718284607,2422.0,4680.0,0.37341660261154175,0.8403794765472412,0.6842318177223206,0.8072116374969482,28413.0,10141.0
93,0.8510912656784058,0.9159355163574219,21846.0,39340.0,0.3646131753921509,0.8484585285186768,0.7007295489311218,0.8082994818687439,257597.0,92113.0,0.8239442706108093,0.9083895087242126,2112.0,5926.0,0.40427976846694946,0.8368492126464844,0.6381510496139526,0.8318873047828674,27167.0,10451.0
94,0.8495215177536011,0.9149070978164673,21878.0,39953.0,0.36691123247146606,0.8464641571044922,0.6974036693572998,0.808018684387207,256984.0,92081.0,0.8615735173225403,0.9105218052864075,3008.0,3312.0,0.3369092643260956,0.839719295501709,0.7425973415374756,0.760566771030426,29781.0,9555.0
95,0.8502175807952881,0.9156436920166016,21840.0,39705.0,0.36543387174606323,0.8481316566467285,0.6988029479980469,0.8083521127700806,257232.0,92119.0,0.8480156064033508,0.9119065403938293,2458.0,4481.0,0.3594747483730316,0.8431230783462524,0.6927875876426697,0.8043460845947266,28612.0,10105.0
96,0.850675106048584,0.91605144739151,21803.0,39554.0,0.36437317728996277,0.8486380577087402,0.699688732624054,0.8086767792701721,257383.0,92156.0,0.8441388010978699,0.9116402268409729,2383.0,4733.0,0.3680654466152191,0.8426185846328735,0.6826258897781372,0.8103160262107849,28360.0,10180.0
97,0.8505777716636658,0.9159159660339355,21744.0,39653.0,0.3646388351917267,0.8484615683555603,0.6992977857589722,0.8091945052146912,257284.0,92215.0,0.8498116135597229,0.9097263216972351,2638.0,4219.0,0.3659953773021698,0.8402252793312073,0.7017109990119934,0.7900183200836182,28874.0,9925.0
98,0.8504292964935303,0.915859580039978,21759.0,39699.0,0.3647502660751343,0.848419189453125,0.699019730091095,0.8090628981590271,257238.0,92200.0,0.8478841781616211,0.9111523628234863,2495.0,4450.0,0.36883416771888733,0.8419208526611328,0.6934839487075806,0.8014009594917297,28643.0,10068.0
99,0.8510109782218933,0.9163450598716736,21764.0,39455.0,0.363761305809021,0.8492734432220459,0.700303852558136,0.8090190291404724,257482.0,92195.0,0.8607192635536194,0.9121756553649902,2876.0,3483.0,0.342054545879364,0.8430061340332031,0.7355353236198425,0.7710737586021423,29610.0,9687.0
100,0.8506264090538025,0.9160099029541016,21679.0,39698.0,0.3645823001861572,0.8487682938575745,0.6992074251174927,0.8097649216651917,257239.0,92280.0,0.8517829179763794,0.9112276434898376,2623.0,4144.0,0.3681960999965668,0.8410357236862183,0.705765426158905,0.791212260723114,28949.0,9940.0
101,0.8500837087631226,0.9159128665924072,21668.0,39932.0,0.36520904302597046,0.8484106063842773,0.6979950666427612,0.809861421585083,257005.0,92291.0,0.8544331789016724,0.907874345779419,2846.0,3800.0,0.34609875082969666,0.8357235193252563,0.7188725471496582,0.7734617590904236,29293.0,9717.0
102,0.8485651016235352,0.9146906733512878,21615.0,40609.0,0.3672013282775879,0.8467899560928345,0.694561243057251,0.8103265166282654,256328.0,92344.0,0.819760799407959,0.9106513261795044,1954.0,6275.0,0.4123174548149109,0.8402232527732849,0.6283463835716248,0.8444638848304749,26818.0,10609.0
103,0.8501226305961609,0.9157294034957886,21750.0,39834.0,0.365048348903656,0.8484542965888977,0.6983255743980408,0.8091418743133545,257103.0,92209.0,0.8516076803207397,0.9118577241897583,2585.0,4190.0,0.3669736385345459,0.8429572582244873,0.7042631506919861,0.7942370176315308,28903.0,9978.0
104,0.8501129150390625,0.9151862263679504,21816.0,39772.0,0.3662383258342743,0.8473560810089111,0.6985028386116028,0.8085627555847168,257165.0,92143.0,0.8332968354225159,0.9116121530532837,2107.0,5504.0,0.391740083694458,0.8421264886856079,0.655137836933136,0.8322852849960327,27589.0,10456.0
105,0.8511496782302856,0.9163858890533447,21728.0,39434.0,0.36360329389572144,0.8494212627410889,0.7004974484443665,0.809334933757782,257503.0,92231.0,0.8604126572608948,0.9116532206535339,2894.0,3479.0,0.33899617195129395,0.8429180979728699,0.7353970408439636,0.7696409821510315,29614.0,9669.0
106,0.8510523438453674,0.9164286255836487,21718.0,39484.0,0.36364808678627014,0.8494701385498047,0.7002543210983276,0.8094226717948914,257453.0,92241.0,0.8396048545837402,0.9102312326431274,2358.0,4965.0,0.37982192635536194,0.8390884399414062,0.6727092862129211,0.8123059868812561,28128.0,10205.0
107,0.8511326313018799,0.9163454174995422,21603.0,39566.0,0.36386439204216003,0.8491498827934265,0.7000803351402283,0.8104318380355835,257371.0,92356.0,0.8508191704750061,0.9112009406089783,2590.0,4221.0,0.35978323221206665,0.8426387310028076,0.702620804309845,0.7938390374183655,28872.0,9973.0
108,0.8511301875114441,0.9165695309638977,21711.0,39459.0,0.3633124828338623,0.8493307828903198,0.7004031538963318,0.8094841241836548,257478.0,92248.0,0.8486726880073547,0.9119605422019958,2523.0,4386.0,0.3584297299385071,0.8434299230575562,0.695965588092804,0.7991721630096436,28707.0,10040.0
109,0.8510280251502991,0.9166589975357056,21600.0,39612.0,0.36319443583488464,0.8496828079223633,0.699843168258667,0.8104581236839294,257325.0,92359.0,0.8415980339050293,0.9107862710952759,2358.0,4874.0,0.37307223677635193,0.8425386548042297,0.6767690181732178,0.8123059868812561,28219.0,10205.0
110,0.8510620594024658,0.916579008102417,21733.0,39465.0,0.36329472064971924,0.8493568897247314,0.7003211975097656,0.8092910647392273,257472.0,92226.0,0.8537103533744812,0.9120391607284546,2610.0,4069.0,0.367357462644577,0.8434503674507141,0.7098131775856018,0.7922470569610596,29024.0,9953.0
111,0.851585328578949,0.9168447256088257,21713.0,39270.0,0.36275607347488403,0.8499864339828491,0.7014051675796509,0.809466540813446,257667.0,92246.0,0.8400867581367493,0.9122440218925476,2270.0,5031.0,0.39276939630508423,0.8431970477104187,0.6716914772987366,0.8193106651306152,28062.0,10293.0
112,0.851302981376648,0.9165695905685425,21644.0,39455.0,0.3632432222366333,0.8494694828987122,0.7005767822265625,0.8100720643997192,257482.0,92315.0,0.8638952374458313,0.9109480977058411,3151.0,3063.0,0.3514942228794098,0.8414922952651978,0.7544689178466797,0.7491841316223145,30030.0,9412.0
113,0.8511180281639099,0.9163483381271362,21589.0,39586.0,0.3638010025024414,0.8493227362632751,0.7000060677528381,0.8105546832084656,257351.0,92370.0,0.8470956683158875,0.9116750359535217,2431.0,4550.0,0.36637255549430847,0.843085765838623,0.6900967359542847,0.8064952492713928,28543.0,10132.0
114,0.8514441847801208,0.9168240427970886,21630.0,39411.0,0.362737238407135,0.8497627973556519,0.700842559337616,0.8101949095726013,257526.0,92329.0,0.8507753610610962,0.9128234386444092,2534.0,4279.0,0.35538414120674133,0.8449007868766785,0.7009365558624268,0.7982965707778931,28814.0,10029.0
115,0.8517167568206787,0.9169377684593201,21591.0,39338.0,0.36246585845947266,0.850191593170166,0.7013196349143982,0.8105370998382568,257599.0,92368.0,0.8518486022949219,0.912319540977478,2585.0,4179.0,0.3564971387386322,0.8448023200035095,0.7048103213310242,0.7942370176315308,28914.0,9978.0
116,0.8518238067626953,0.9168699383735657,21663.0,39222.0,0.3626754879951477,0.8501341342926025,0.7017746567726135,0.8099052906036377,257715.0,92296.0,0.8412913680076599,0.9113916754722595,2320.0,4926.0,0.37707871198654175,0.8420650362968445,0.6752587556838989,0.8153307437896729,28167.0,10243.0
117,0.8495994210243225,0.9150298833847046,21786.0,40013.0,0.36666813492774963,0.8474985361099243,0.6972977519035339,0.8088259696960449,256924.0,92173.0,0.8409847617149353,0.9123139381408691,2294.0,4966.0,0.37905722856521606,0.8441809415817261,0.6740400195121765,0.8174002766609192,28127.0,10269.0
118,0.8521913290023804,0.9172511696815491,21514.0,39220.0,0.3618740439414978,0.8507094979286194,0.7021228075027466,0.8112127780914307,257717.0,92445.0,0.8602155447006226,0.9130021929740906,2824.0,3558.0,0.34484434127807617,0.8454931974411011,0.7324208617210388,0.7752129435539246,29535.0,9739.0
119,0.8512324094772339,0.9167039394378662,21599.0,39529.0,0.3631112575531006,0.8498795032501221,0.7002858519554138,0.8104669451713562,257408.0,92360.0,0.8357280492782593,0.9117568135261536,2167.0,5333.0,0.39069926738739014,0.842914342880249,0.6609447598457336,0.827509343624115,27760.0,10396.0
120,0.8518067598342896,0.9172132015228271,21557.0,39335.0,0.36200472712516785,0.8504779934883118,0.7014126777648926,0.8108354806900024,257602.0,92402.0,0.8560539484024048,0.9109212756156921,2804.0,3768.0,0.3486781716346741,0.8421323895454407,0.7214459776878357,0.7768049240112305,29325.0,9759.0
121,0.8522497415542603,0.917218029499054,21569.0,39141.0,0.3619302809238434,0.8506966829299927,0.7024199366569519,0.8107301592826843,257796.0,92390.0,0.8557473421096802,0.9127686023712158,2666.0,3920.0,0.3690806031227112,0.8446865677833557,0.7162915468215942,0.787789523601532,29173.0,9897.0
122,0.8509135842323303,0.9163858890533447,21719.0,39540.0,0.3638480305671692,0.849236249923706,0.6999544501304626,0.8094139099121094,257397.0,92240.0,0.8382688164710999,0.9120208621025085,2213.0,5171.0,0.3911939561367035,0.8433398008346558,0.6668384671211243,0.8238478302955627,27922.0,10350.0
123,0.8520258069038391,0.9171239137649536,21695.0,39107.0,0.36210423707962036,0.8506523370742798,0.7023163437843323,0.8096244931221008,257830.0,92264.0,0.8455624580383301,0.9119266867637634,2418.0,4633.0,0.3772055208683014,0.8431738615036011,0.686493456363678,0.8075300455093384,28460.0,10145.0
124,0.8504877090454102,0.9156665205955505,21765.0,39669.0,0.3651932179927826,0.8484944105148315,0.6991650462150574,0.8090102672576904,257268.0,92194.0,0.8617706298828125,0.9128718972206116,2889.0,3422.0,0.33861759305000305,0.8447616100311279,0.7386988401412964,0.7700390219688416,29671.0,9674.0
125,0.8524006009101868,0.9174109101295471,21574.0,39074.0,0.3615149259567261,0.8509912490844727,0.7027666568756104,0.8106862902641296,257863.0,92385.0,0.8596460223197937,0.9120271801948547,2838.0,3570.0,0.3410519063472748,0.8440761566162109,0.7314779758453369,0.7740985155105591,29523.0,9725.0
